[36, 'Moon', [], False] ,
[37, 'Longry', [], False] ,
[38, 'Ocean Series', [], False] ,
[39, 'Infected Series', [], False] ,
[44, 'Max Cooper - Waves', [], False] ,
[45, 'MAX COOPER SEED', [], False] ,
[46, 'corollaria generation', [], False] ,
[47, 'For Approval', [], False] ,
[52, 'Playgrounds Titles', [], False] ,
[53, 'SHHH! - Jack Sachs X Tate Britain', [], False] ,
[54, 'Patterns', [], False] ,
[55, 'brainslushy', [], False] ,
[60, 'LORN - ANVIL', [], False] ,
[61, u'KE\xd8MA - Gone', [], False] ,
[62, 'S~U~R', [], False] ,
[63, 'just diffuse', [], False] ,
[40, 'Kerli - Blossom [mv]', [], False] ,
[41, 'Kerli - Feral Hearts [mv]', [], False] ,
[42, 'Jose Gonzalez Bouncy Balls', [], False] ,
[43, 'Powers of Ten', [], False] ,
[48, 'Major Lazer - Lean On [mv]', [], False] ,
[49, 'Major Lazer - Light it Up [mv]', [], False] ,
[50, ' V E R S U S', [], False] ,
[51, 'Welcome To Our World', [], False] ,
[56, 'Heavy Blanket', [], False] ,
[57, 'Click Bait [as]', [], False] ,
[58, 'Beautiful Cacti Bloom Before Your Eyes', [], False] ,
[59, 'Black Ocean _ Ecosystem & Incubation', [], False] ,
[64, 'KLJM ESOL', [], False] ,
[65, 'Voxel Bumps', [], False] ,
[66, 'Crazy speed', [], False] ,
[67, 'Integrated Webcam 1', [], False] ,
[69, 'Spleigher ', ['Fun', 'Slay', 'Contra', 'Distort', 'Brite', 'Brite'], False] ,
[70, 'Blow&Blur', ['BlowX', 'BlowY', 'Blur', 'Splits', 'Screens'], False] ,
[71, 'Flight', ['Tilt', 'Altitude', 'Height', 'Jags', 'Texture'], False] ,
[77, 'Cyberscope ', ['Angles', 'Rotate', 'Cyber', 'C-Pass', ''], False] ,
[78, 'Polyglitch', ['Color', 'Lines', 'Expand', 'Zoom', 'Fuzz'], False] ,
[85, 'Point Grid ', ['Points', 'Reso', 'Worms', 'Trails', 'Quads', '', '', ''], False] ,
[86, 'Pixelnoise', ['Noise', 'Reso', 'Satch', 'Fountain'], False] ,
[87, 'Tritunnel ', ['Tunnel', 'Speed', 'TurnX', 'TurnY', 'Fractality', '', '', ''], False] ,
[93, 'Salvia', ['Bonkers', 'Timelines', 'Copies', 'Losing Focus', '', ''], False] ,
[94, 'Fux Given', ['Rings', 'Parts', 'Fux', 'Lag', 'Twirl'], False] ,
[95, 'Lawl of Mirrors', ['Ocean', 'Flipper', 'Mirror', 'Mirror', 'Mirror', 'Mirror', '', ''], False] ,
[72, 'Posterize ', ['Posters', 'Satch'], True] ,
[73, 'Bzzzt ', ['RGB', 'Zoom', 'Light', 'Frames'], True] ,
[74, 'Stripwreck ', ['Yank', 'Tug', 'Strip', 'Wreck'], True] ,
[80, 'Horizontal ', ['Thick', 'Speed'], True] ,
[81, 'Recolour ', ['Wiggity', 'Floor It', 'Cellular', 'Deckade', '', '', '', ''], True] ,
[82, '', ['Color', 'Shape', 'Count', 'Edges', 'Rotate', 'Zoom', '', ''], True] ,
[88, 'Audiosucker ', ['Suck', 'Poster'], True] ,
[89, 'Oil Fire ', ['Distort', 'Spd', 'Deeds'], True] ,
[90, 'Chance of Hail ', ['Slow Pour', 'Size', 'Twist', 'Blue ^', 'Red v'], True] ,
[96, 'Dubs ', ['Dubs'], True] ,
[97, 'Triangulate ', ['Fractlity', 'Gentle'], True] ,
[98, 'Ballmer ', ['Shape', '3D Reso', '2D Reso', 'Darkweb'], True] ,
[-1, 'Rotating Panels', ['Craze', 'Edge', 'Confuse'], False] ,
[-1, 'Happy Trails', ['Trails', 'Perma'], False] ,
[-1, 'Wowgrid ', ['Crest', 'Swell', 'Grid', 'Thick', ''], True] ,
[-1, 'Go Negative ', ['Hue', 'Fisheye', 'Negs', 'Link 8'], True] ,
[-1, 'Busta Rhymes ', ['Invert', 'Focus', ''], True] ,
[-1, 'Geequalizer', ['Reso', 'Extrude', 'Rotate', 'Zoom'], False] ,
[-1, '', ['Color', 'Size', 'Count', 'Spread', 'Speed', 'Rotate', 'Zoom', ''], True] ,
[36, 'MAX COOPER Order from Chaos', [], False] ,
[37, '8-bit Triangle Zoom', [], False] ,
[38, 'Unleash Your Fingers 1', [], False] ,
[39, 'LUSH PUPPIES', [], False] ,
[44, 'AZEL PHARA - GREEN', [], False] ,
[45, 'Cassettes', [], False] ,
[46, 'Kerli - Zero Gravity [mv]', [], False] ,
[47, "'Evening In Space' Directed by David LaChapelle", [], False] ,
[52, 'A E T H E R', [], False] ,
[53, 'Vicious Cycle', [], False] ,
[54, 'WILDLESS', [], False] ,
[55, "Ataxia 'Glitch'", [], False] ,
[60, 'ATARAXYA', [], False] ,
[61, 'MAX COOPER Remnants', [], False] ,
[62, 'SHY LUV - SHOCK HORROR', [], False] ,
[63, 'Bubbles', [], False] ,
[40, 'Octopus Project', [], False] ,
[41, '1 & 3 4', [], False] ,
[42, 'Monument', [], False] ,
[43, 'Tornado', [], False] ,
[48, 'Simulation', [], False] ,
[49, 'PHEROMONE', [], False] ,
[50, 'Sunset Powerlines Time Lapse', [], False] ,
[51, 'Glass of Water', [], False] ,
[56, 'CYCLE', [], False] ,
[57, 'Skateboard Chalk 2', [], False] ,
[58, 'Meteor Shower', [], False] ,
[59, 'Art of Walking', [], False] ,
[64, 'ISOLATED', [], False] ,
[65, 'Downliners', [], False] ,
[66, 'cnc', [], False] ,
[67, 'Integrated Webcam 1', [], False] ,
[69, 'Spleigher ', ['Fun', 'Slay', 'Contra', 'Distort', 'Brite', 'Brite'], False] ,
[70, 'Blow&Blur', ['BlowX', 'BlowY', 'Blur', 'Splits', 'Screens'], False] ,
[71, 'Flight', ['Tilt', 'Altitude', 'Height', 'Jags', 'Texture'], False] ,
[77, 'Cyberscope ', ['Angles', 'Rotate', 'Cyber', 'C-Pass', ''], False] ,
[78, 'Polyglitch', ['Color', 'Lines', 'Expand', 'Zoom', 'Fuzz'], False] ,
[85, 'Point Grid ', ['Points', 'Reso', 'Worms', 'Trails', 'Quads', '', '', ''], False] ,
[86, 'Pixelnoise', ['Noise', 'Reso', 'Satch', 'Fountain'], False] ,
[87, 'Tritunnel ', ['Tunnel', 'Speed', 'TurnX', 'TurnY', 'Fractality', '', '', ''], False] ,
[93, 'Salvia', ['Bonkers', 'Timelines', 'Copies', 'Losing Focus', '', ''], False] ,
[94, 'Fux Given', ['Rings', 'Parts', 'Fux', 'Lag', 'Twirl'], False] ,
[95, 'Lawl of Mirrors', ['Ocean', 'Flipper', 'Mirror', 'Mirror', 'Mirror', 'Mirror', '', ''], False] ,
[72, 'Posterize ', ['Posters', 'Satch'], True] ,
[73, 'Bzzzt ', ['RGB', 'Zoom', 'Light', 'Frames'], True] ,
[74, 'Stripwreck ', ['Yank', 'Tug', 'Strip', 'Wreck'], True] ,
[80, 'Horizontal ', ['Thick', 'Speed'], True] ,
[81, 'Recolour ', ['Wiggity', 'Floor It', 'Cellular', 'Deckade', '', '', '', ''], True] ,
[82, '', ['Color', 'Shape', 'Count', 'Edges', 'Rotate', 'Zoom', '', ''], True] ,
[88, 'Audiosucker ', ['Suck', 'Poster'], True] ,
[89, 'Oil Fire ', ['Distort', 'Spd', 'Deeds'], True] ,
[90, 'Chance of Hail ', ['Slow Pour', 'Size', 'Twist', 'Blue ^', 'Red v'], True] ,
[96, 'Dubs ', ['Dubs'], True] ,
[97, 'Triangulate ', ['Fractlity', 'Gentle'], True] ,
[98, 'Ballmer ', ['Shape', '3D Reso', '2D Reso', 'Darkweb'], True] ,
[-1, 'Rotating Panels', ['Craze', 'Edge', 'Confuse'], False] ,
[-1, 'Happy Trails', ['Trails', 'Perma'], False] ,
[-1, 'Wowgrid ', ['Crest', 'Swell', 'Grid', 'Thick', ''], True] ,
[-1, 'Go Negative ', ['Hue', 'Fisheye', 'Negs', 'Link 8'], True] ,
[-1, 'Busta Rhymes ', ['Invert', 'Focus', ''], True] ,
[-1, 'Geequalizer', ['Reso', 'Extrude', 'Rotate', 'Zoom'], False] ,
[-1, '', ['Color', 'Size', 'Count', 'Spread', 'Speed', 'Rotate', 'Zoom', ''], True] ,
[36, 'MAX COOPER SEED', [], False] ,
[37, 'Jose Gonzalez Bouncy Balls', [], False] ,
[38, 'Fever the Ghost - Source [mv]', [], False] ,
[39, 'Contre Temps [as]', [], False] ,
[44, 'Our Fractal Brains', [], False] ,
[45, 'The Jump', [], False] ,
[46, 'Gravity [as]', [], False] ,
[47, 'Natalis [as]', [], False] ,
[52, 'Oh Land - White LIghts [mv]', [], False] ,
[53, 'IRL Fruit Ninja', [], False] ,
[54, 'brainslushy', [], False] ,
[55, 'Patterns', [], False] ,
[60, 'Max Cooper - Cyclic', [], False] ,
[61, 'Octopus Project', [], False] ,
[62, 'Max Cooper & Tom Hodge - Trust', [], False] ,
[63, 'LORN - ANVIL', [], False] ,
[40, 'Prophecy', [], False] ,
[41, 'City Without U', [], False] ,
[42, 'Kamau Jambo [dance]', [], False] ,
[43, 'Azaelia Banks - Chasing Time [mv]', [], False] ,
[48, 'Flyknit R&D', [], False] ,
[49, 'Longry', [], False] ,
[50, 'Oh Land - Sun of a Gun [mv]', [], False] ,
[51, 'Love & Theft ', [], False] ,
[56, 'SHHH! - Jack Sachs X Tate Britain', [], False] ,
[57, 'Simulation', [], False] ,
[58, 'PHEROMONE', [], False] ,
[59, 'LUSH PUPPIES', [], False] ,
[64, 'Unleash Your Fingers 1', [], False] ,
[65, 'Monument', [], False] ,
[66, 'Caravan Palace - Suzy [mv]', [], False] ,
[67, 'Integrated Webcam 1', [], False] ,
[69, 'Spleigher ', ['Fun', 'Slay', 'Contra', 'Distort', 'Brite', 'Brite'], False] ,
[70, 'Blow&Blur', ['BlowX', 'BlowY', 'Blur', 'Splits', 'Screens'], False] ,
[71, 'Flight', ['Tilt', 'Altitude', 'Height', 'Jags', 'Texture'], False] ,
[77, 'Cyberscope ', ['Angles', 'Rotate', 'Cyber', 'C-Pass', ''], False] ,
[78, 'Polyglitch', ['Color', 'Lines', 'Expand', 'Zoom', 'Fuzz'], False] ,
[85, 'Point Grid ', ['Points', 'Reso', 'Worms', 'Trails', 'Quads', '', '', ''], False] ,
[86, 'Pixelnoise', ['Noise', 'Reso', 'Satch', 'Fountain'], False] ,
[87, 'Tritunnel ', ['Tunnel', 'Speed', 'TurnX', 'TurnY', 'Fractality', '', '', ''], False] ,
[93, 'Salvia', ['Bonkers', 'Timelines', 'Copies', 'Losing Focus', '', ''], False] ,
[94, 'Fux Given', ['Rings', 'Parts', 'Fux', 'Lag', 'Twirl'], False] ,
[95, 'Lawl of Mirrors', ['Ocean', 'Flipper', 'Mirror', 'Mirror', 'Mirror', 'Mirror', '', ''], False] ,
[72, 'Posterize ', ['Posters', 'Satch'], True] ,
[73, 'Bzzzt ', ['RGB', 'Zoom', 'Light', 'Frames'], True] ,
[74, 'Stripwreck ', ['Yank', 'Tug', 'Strip', 'Wreck'], True] ,
[80, 'Horizontal ', ['Thick', 'Speed'], True] ,
[81, 'Recolour ', ['Wiggity', 'Floor It', 'Cellular', 'Deckade', '', '', '', ''], True] ,
[82, '', ['Color', 'Shape', 'Count', 'Edges', 'Rotate', 'Zoom', '', ''], True] ,
[88, 'Audiosucker ', ['Suck', 'Poster'], True] ,
[89, 'Oil Fire ', ['Distort', 'Spd', 'Deeds'], True] ,
[90, 'Chance of Hail ', ['Slow Pour', 'Size', 'Twist', 'Blue ^', 'Red v'], True] ,
[96, 'Dubs ', ['Dubs'], True] ,
[97, 'Triangulate ', ['Fractlity', 'Gentle'], True] ,
[98, 'Ballmer ', ['Shape', '3D Reso', '2D Reso', 'Darkweb'], True] ,
[-1, 'Rotating Panels', ['Craze', 'Edge', 'Confuse'], False] ,
[-1, 'Happy Trails', ['Trails', 'Perma'], False] ,
[-1, 'Wowgrid ', ['Crest', 'Swell', 'Grid', 'Thick', ''], True] ,
[-1, 'Go Negative ', ['Hue', 'Fisheye', 'Negs', 'Link 8'], True] ,
[-1, 'Busta Rhymes ', ['Invert', 'Focus', ''], True] ,
[-1, 'Geequalizer', ['Reso', 'Extrude', 'Rotate', 'Zoom'], False] ,
[-1, '', ['Color', 'Size', 'Count', 'Spread', 'Speed', 'Rotate', 'Zoom', ''], True] ,
[36, 'hexeosis_hx01', [], False] ,
[37, 'Mucky Secrets', [], False] ,
[38, "Reggie Watts - If You're Fcking, You're Fcking", [], False] ,
[39, '93~eskmo+urban', [], False] ,
[44, "Daphne Guinness 'Evening In Space' Directed by David LaChapelle", [], False] ,
[45, 'Kerli - Feral Hearts [mv]', [], False] ,
[46, 'Kamau Jambo [dance]', [], False] ,
[47, '189925156 - LUSH PUPPIES', [], False] ,
[52, 'AZEL PHARA - GREEN', [], False] ,
[53, 'Azaelia Banks - Chasing Time [mv]', [], False] ,
[54, '176703851 - CYCLE', [], False] ,
[55, 'Max Cooper - Waves', [], False] ,
[60, 'Fever the Ghost - Source [mv]', [], False] ,
[61, '187819565 - corollaria generation', [], False] ,
[62, 'Gravity [as]', [], False] ,
[63, 'Contre Temps [as]', [], False] ,
[40, 'Unleash Your Fingers 1', [], False] ,
[41, 'MAX COOPER SEED', [], False] ,
[42, 'Sony Bravia Bouncy Balls Full HD 1080p', [], False] ,
[48, 'Monument', [], False] ,
[49, '31~hooray4earth+fractal-zooming', [], False] ,
[50, '196269431 - Max Cooper - Order from Chaos - Official Video by Maxime Causeret', [], False] ,
[51, '8889015 - Jellyfish', [], False] ,
[56, 'Octopus Project', [], False] ,
[57, 'Moon', [], False] ,
[58, '180727317 - A E T H E R', [], False] ,
[59, '1 & 3 4', [], False] ,
[64, 'Longry', [], False] ,
[65, 'KLJM ESOL', [], False] ,
[66, 'ISOLATED', [], False] ,
[67, '8-bit Triangle Zoom', [], False] ,
[68, 'Fux Given', ['Rings', 'Parts', 'Fux', 'Lag', 'Twirl'], False] ,
[69, 'Pixelnoise', ['Noise', 'Reso', 'Satch', 'Fountain'], False] ,
[70, 'Triangulate ', ['Fractlity', 'Gentle'], True] ,
[71, 'Chance of Hail ', ['Slow Pour', 'Size', 'Twist', 'Blue ^', 'Red v'], True] ,
[76, 'Salvia', ['Bonkers', 'Timelines', 'Copies', 'Losing Focus', '', ''], False] ,
[77, 'Rotating Panels', ['Craze', 'Edge', 'Confuse'], False] ,
[78, 'Wavy Dots ', ['Color', 'Size', 'Count', 'Spread', 'Speed', 'Rotate', 'Zoom', ''], True] ,
[79, 'Busta Rhymes ', ['Invert', 'Focus', ''], True] ,
[84, 'Cyberscope ', ['Angles', 'Rotate', 'Cyber', 'C-Pass', ''], False] ,
[85, 'Flight', ['Tilt', 'Altitude', 'Height', 'Jags', 'Texture'], False] ,
[86, 'Go Negative ', ['Hue', 'Fisheye', 'Negs', 'Link 8'], True] ,
[87, 'Wowgrid ', ['Crest', 'Swell', 'Grid', 'Thick', ''], True] ,
[92, 'Spleigher ', ['Fun', 'Slay', 'Contra', 'Distort', 'Brite', 'Brite'], False] ,
[93, 'Tritunnel ', ['Tunnel', 'Speed', 'TurnX', 'TurnY', 'Fractality', '', '', ''], False] ,
[94, 'Stripwreck ', ['Yank', 'Tug', 'Strip', 'Wreck'], True] ,
[95, 'Ballmer ', ['Shape', '3D Reso', '2D Reso', 'Darkweb'], True] ,
[81, 'Lawl of Mirrors', ['FlipX', 'FlipY', 'Mirror', 'Mirror', 'Mirror', 'Mirror', 'Ocean', 'Motion'], False] ,
[82, 'VHS Scrape', ['Opac', 'Numb', 'Rotate', 'Moar', 'Runaway', 'Speed', 'Thick', 'Negate'], False] ,
[83, 'Big Wave', ['Opac', 'W', 'H', 'Rotate', 'Glitch', 'Str', 'Surface', 'Burn'], False] ,
[89, '1-900-TRYPTAFAX', ['Opac', 'Scale', 'DriveX', 'DriveY', 'Dvishn', 'Detail', 'Edge', 'Color'], False] ,
[90, 'Point Grid', ['Points', 'Reso', 'Worms', 'Trails', 'Tris', 'Tri Hard', 'TriStorm', 'Quads'], False] ,
[91, 'Recolour ', ['Mood', 'Pedal', 'Floor It', 'Sepial', 'Cellular', 'Micro', 'Scope', 'Antenna'], False] ,
[-1, 'Blow&Blur', ['BlowX', 'BlowY', 'Blur', 'Splits', 'Screens'], False] ,
[-1, 'Polyglitch', ['Color', 'Lines', 'Expand', 'Zoom', 'Fuzz'], False] ,
[-1, 'Point Grid ', ['Points', 'Reso', 'Worms', 'Trails', 'Quads', '', '', ''], False] ,
[-1, 'Posterize ', ['Posters', 'Satch'], True] ,
[-1, 'Bzzzt ', ['RGB', 'Zoom', 'Light', 'Frames'], True] ,
[-1, 'Horizontal ', ['Thick', 'Speed'], True] ,
[-1, 'Recolour ', ['Wiggity', 'Floor It', 'Cellular', 'Deckade', '', '', '', ''], True] ,
[-1, '', ['Color', 'Shape', 'Count', 'Edges', 'Rotate', 'Zoom', '', ''], True] ,
[-1, 'Audiosucker ', ['Suck', 'Poster'], True] ,
[-1, 'Oil Fire ', ['Distort', 'Spd', 'Deeds'], True] ,
[-1, 'Dubs ', ['Dubs'], True] ,
[-1, 'Happy Trails', ['Trails', 'Perma'], False] ,
[-1, 'Geequalizer', ['Reso', 'Extrude', 'Rotate', 'Zoom'], False] ,
